[0.472s] DEBUG:colcon:Command line arguments: ['/usr/bin/colcon', 'list', '-p', '--base-paths', '/home/rosdev/ros2_ws']
[0.472s] DEBUG:colcon:Parsed command line arguments: Namespace(log_base=None, log_level=None, verb_name='list', build_base='build', ignore_user_meta=False, metas=['./colcon.meta'], base_paths=['/home/rosdev/ros2_ws'], packages_ignore=None, packages_ignore_regex=None, paths=None, packages_up_to=None, packages_up_to_regex=None, packages_above=None, packages_above_and_dependencies=None, packages_above_depth=None, packages_select_by_dep=None, packages_skip_by_dep=None, packages_skip_up_to=None, packages_select_build_failed=False, packages_skip_build_finished=False, packages_select_test_failures=False, packages_skip_test_passed=False, packages_select=None, packages_skip=None, packages_select_regex=None, packages_skip_regex=None, packages_start=None, packages_end=None, topological_order=False, names_only=False, paths_only=True, topological_graph=False, topological_graph_dot=False, topological_graph_density=False, topological_graph_legend=False, topological_graph_dot_cluster=False, topological_graph_dot_include_skipped=False, mixin_files=None, mixin=None, verb_parser=<colcon_mixin.mixin.mixin_argument.MixinArgumentDecorator object at 0x7f8fe2840070>, verb_extension=<colcon_package_information.verb.list.ListVerb object at 0x7f8fe29b8640>, main=<bound method ListVerb.main of <colcon_package_information.verb.list.ListVerb object at 0x7f8fe29b8640>>, mixin_verb=('list',))
[1.255s] Level 1:colcon.colcon_core.package_discovery:discover_packages(colcon_meta) check parameters
[1.256s] Level 1:colcon.colcon_core.package_discovery:discover_packages(recursive) check parameters
[1.256s] Level 1:colcon.colcon_core.package_discovery:discover_packages(ignore) check parameters
[1.256s] Level 1:colcon.colcon_core.package_discovery:discover_packages(path) check parameters
[1.257s] Level 1:colcon.colcon_core.package_discovery:discover_packages(recursive) discover
[1.257s] INFO:colcon.colcon_core.package_discovery:Crawling recursively for packages in '/home/rosdev/ros2_ws'
[1.258s] Level 1:colcon.colcon_core.package_identification:_identify(/home/rosdev/ros2_ws) by extensions ['ignore', 'ignore_ament_install']
[1.258s] Level 1:colcon.colcon_core.package_identification:_identify(/home/rosdev/ros2_ws) by extension 'ignore'
[1.259s] Level 1:colcon.colcon_core.package_identification:_identify(/home/rosdev/ros2_ws) by extension 'ignore_ament_install'
[1.259s] Level 1:colcon.colcon_core.package_identification:_identify(/home/rosdev/ros2_ws) by extensions ['colcon_pkg']
[1.259s] Level 1:colcon.colcon_core.package_identification:_identify(/home/rosdev/ros2_ws) by extension 'colcon_pkg'
[1.259s] Level 1:colcon.colcon_core.package_identification:_identify(/home/rosdev/ros2_ws) by extensions ['colcon_meta']
[1.260s] Level 1:colcon.colcon_core.package_identification:_identify(/home/rosdev/ros2_ws) by extension 'colcon_meta'
[1.260s] Level 1:colcon.colcon_core.package_identification:_identify(/home/rosdev/ros2_ws) by extensions ['ros']
[1.260s] Level 1:colcon.colcon_core.package_identification:_identify(/home/rosdev/ros2_ws) by extension 'ros'
[1.325s] Level 1:colcon.colcon_core.package_identification:_identify(/home/rosdev/ros2_ws) by extensions ['cmake', 'python']
[1.325s] Level 1:colcon.colcon_core.package_identification:_identify(/home/rosdev/ros2_ws) by extension 'cmake'
[1.325s] Level 1:colcon.colcon_core.package_identification:_identify(/home/rosdev/ros2_ws) by extension 'python'
[1.326s] Level 1:colcon.colcon_core.package_identification:_identify(/home/rosdev/ros2_ws) by extensions ['python_setup_py']
[1.326s] Level 1:colcon.colcon_core.package_identification:_identify(/home/rosdev/ros2_ws) by extension 'python_setup_py'
[1.327s] Level 1:colcon.colcon_core.package_identification:_identify(/home/rosdev/ros2_ws/log) by extensions ['ignore', 'ignore_ament_install']
[1.327s] Level 1:colcon.colcon_core.package_identification:_identify(/home/rosdev/ros2_ws/log) by extension 'ignore'
[1.328s] Level 1:colcon.colcon_core.package_identification:_identify(/home/rosdev/ros2_ws/log) ignored
[1.328s] Level 1:colcon.colcon_core.package_identification:_identify(/home/rosdev/ros2_ws/src) by extensions ['ignore', 'ignore_ament_install']
[1.329s] Level 1:colcon.colcon_core.package_identification:_identify(/home/rosdev/ros2_ws/src) by extension 'ignore'
[1.329s] Level 1:colcon.colcon_core.package_identification:_identify(/home/rosdev/ros2_ws/src) by extension 'ignore_ament_install'
[1.329s] Level 1:colcon.colcon_core.package_identification:_identify(/home/rosdev/ros2_ws/src) by extensions ['colcon_pkg']
[1.330s] Level 1:colcon.colcon_core.package_identification:_identify(/home/rosdev/ros2_ws/src) by extension 'colcon_pkg'
[1.330s] Level 1:colcon.colcon_core.package_identification:_identify(/home/rosdev/ros2_ws/src) by extensions ['colcon_meta']
[1.330s] Level 1:colcon.colcon_core.package_identification:_identify(/home/rosdev/ros2_ws/src) by extension 'colcon_meta'
[1.330s] Level 1:colcon.colcon_core.package_identification:_identify(/home/rosdev/ros2_ws/src) by extensions ['ros']
[1.331s] Level 1:colcon.colcon_core.package_identification:_identify(/home/rosdev/ros2_ws/src) by extension 'ros'
[1.331s] Level 1:colcon.colcon_core.package_identification:_identify(/home/rosdev/ros2_ws/src) by extensions ['cmake', 'python']
[1.331s] Level 1:colcon.colcon_core.package_identification:_identify(/home/rosdev/ros2_ws/src) by extension 'cmake'
[1.331s] Level 1:colcon.colcon_core.package_identification:_identify(/home/rosdev/ros2_ws/src) by extension 'python'
[1.332s] Level 1:colcon.colcon_core.package_identification:_identify(/home/rosdev/ros2_ws/src) by extensions ['python_setup_py']
[1.332s] Level 1:colcon.colcon_core.package_identification:_identify(/home/rosdev/ros2_ws/src) by extension 'python_setup_py'
[1.332s] Level 1:colcon.colcon_core.package_identification:_identify(/home/rosdev/ros2_ws/src/my_robot) by extensions ['ignore', 'ignore_ament_install']
[1.333s] Level 1:colcon.colcon_core.package_identification:_identify(/home/rosdev/ros2_ws/src/my_robot) by extension 'ignore'
[1.333s] Level 1:colcon.colcon_core.package_identification:_identify(/home/rosdev/ros2_ws/src/my_robot) by extension 'ignore_ament_install'
[1.334s] Level 1:colcon.colcon_core.package_identification:_identify(/home/rosdev/ros2_ws/src/my_robot) by extensions ['colcon_pkg']
[1.334s] Level 1:colcon.colcon_core.package_identification:_identify(/home/rosdev/ros2_ws/src/my_robot) by extension 'colcon_pkg'
[1.334s] Level 1:colcon.colcon_core.package_identification:_identify(/home/rosdev/ros2_ws/src/my_robot) by extensions ['colcon_meta']
[1.334s] Level 1:colcon.colcon_core.package_identification:_identify(/home/rosdev/ros2_ws/src/my_robot) by extension 'colcon_meta'
[1.334s] Level 1:colcon.colcon_core.package_identification:_identify(/home/rosdev/ros2_ws/src/my_robot) by extensions ['ros']
[1.335s] Level 1:colcon.colcon_core.package_identification:_identify(/home/rosdev/ros2_ws/src/my_robot) by extension 'ros'
[1.348s] DEBUG:colcon.colcon_core.package_identification:Package '/home/rosdev/ros2_ws/src/my_robot' with type 'ros.ament_cmake' and name 'my_robot'
[1.349s] Level 1:colcon.colcon_core.package_identification:_identify(/home/rosdev/ros2_ws/src/urdf_eg) by extensions ['ignore', 'ignore_ament_install']
[1.350s] Level 1:colcon.colcon_core.package_identification:_identify(/home/rosdev/ros2_ws/src/urdf_eg) by extension 'ignore'
[1.350s] Level 1:colcon.colcon_core.package_identification:_identify(/home/rosdev/ros2_ws/src/urdf_eg) by extension 'ignore_ament_install'
[1.350s] Level 1:colcon.colcon_core.package_identification:_identify(/home/rosdev/ros2_ws/src/urdf_eg) by extensions ['colcon_pkg']
[1.351s] Level 1:colcon.colcon_core.package_identification:_identify(/home/rosdev/ros2_ws/src/urdf_eg) by extension 'colcon_pkg'
[1.351s] Level 1:colcon.colcon_core.package_identification:_identify(/home/rosdev/ros2_ws/src/urdf_eg) by extensions ['colcon_meta']
[1.351s] Level 1:colcon.colcon_core.package_identification:_identify(/home/rosdev/ros2_ws/src/urdf_eg) by extension 'colcon_meta'
[1.351s] Level 1:colcon.colcon_core.package_identification:_identify(/home/rosdev/ros2_ws/src/urdf_eg) by extensions ['ros']
[1.352s] Level 1:colcon.colcon_core.package_identification:_identify(/home/rosdev/ros2_ws/src/urdf_eg) by extension 'ros'
[1.352s] Level 1:colcon.colcon_core.package_identification:_identify(/home/rosdev/ros2_ws/src/urdf_eg) by extensions ['cmake', 'python']
[1.352s] Level 1:colcon.colcon_core.package_identification:_identify(/home/rosdev/ros2_ws/src/urdf_eg) by extension 'cmake'
[1.353s] Level 1:colcon.colcon_core.package_identification:_identify(/home/rosdev/ros2_ws/src/urdf_eg) by extension 'python'
[1.353s] Level 1:colcon.colcon_core.package_identification:_identify(/home/rosdev/ros2_ws/src/urdf_eg) by extensions ['python_setup_py']
[1.353s] Level 1:colcon.colcon_core.package_identification:_identify(/home/rosdev/ros2_ws/src/urdf_eg) by extension 'python_setup_py'
[1.353s] Level 1:colcon.colcon_core.package_discovery:discover_packages(recursive) using defaults
