[0.047s] Invoking command in '/home/rosdev/ros2_ws/build/my_robot': CMAKE_PREFIX_PATH=${CMAKE_PREFIX_PATH}:/opt/ros/humble /usr/bin/cmake --build /home/rosdev/ros2_ws/build/my_robot -- -j8 -l8
[0.178s] Invoked command in '/home/rosdev/ros2_ws/build/my_robot' returned '0': CMAKE_PREFIX_PATH=${CMAKE_PREFIX_PATH}:/opt/ros/humble /usr/bin/cmake --build /home/rosdev/ros2_ws/build/my_robot -- -j8 -l8
[0.206s] Invoking command in '/home/rosdev/ros2_ws/build/my_robot': CMAKE_PREFIX_PATH=${CMAKE_PREFIX_PATH}:/opt/ros/humble /usr/bin/cmake --install /home/rosdev/ros2_ws/build/my_robot
[0.236s] -- Install configuration: ""
[0.238s] -- Up-to-date: /home/rosdev/ros2_ws/install/my_robot/share/my_robot/launch
[0.238s] -- Up-to-date: /home/rosdev/ros2_ws/install/my_robot/share/my_robot/launch/my_robot.launch.py
[0.239s] -- Up-to-date: /home/rosdev/ros2_ws/install/my_robot/share/my_robot/launch/gazebo_launch.py
[0.239s] -- Up-to-date: /home/rosdev/ros2_ws/install/my_robot/share/my_robot/config
[0.240s] -- Up-to-date: /home/rosdev/ros2_ws/install/my_robot/share/my_robot/maps
[0.242s] -- Up-to-date: /home/rosdev/ros2_ws/install/my_robot/share/my_robot/meshes
[0.243s] -- Up-to-date: /home/rosdev/ros2_ws/install/my_robot/share/my_robot/models
[0.244s] -- Up-to-date: /home/rosdev/ros2_ws/install/my_robot/share/my_robot/params
[0.245s] -- Up-to-date: /home/rosdev/ros2_ws/install/my_robot/share/my_robot/rviz
[0.246s] -- Up-to-date: /home/rosdev/ros2_ws/install/my_robot/share/my_robot/rviz/urdf.rviz
[0.247s] -- Up-to-date: /home/rosdev/ros2_ws/install/my_robot/share/my_robot/rviz/car.rviz
[0.247s] -- Up-to-date: /home/rosdev/ros2_ws/install/my_robot/share/my_robot/src
[0.248s] -- Up-to-date: /home/rosdev/ros2_ws/install/my_robot/share/my_robot/urdf
[0.249s] -- Up-to-date: /home/rosdev/ros2_ws/install/my_robot/share/my_robot/urdf/car.urdf
[0.249s] -- Up-to-date: /home/rosdev/ros2_ws/install/my_robot/share/my_robot/urdf/my_robot.urdf.xacro
[0.250s] -- Installing: /home/rosdev/ros2_ws/install/my_robot/share/my_robot/urdf/inertial_macros.xacro
[0.251s] -- Installing: /home/rosdev/ros2_ws/install/my_robot/share/my_robot/urdf/robot_core.xacro
[0.253s] -- Up-to-date: /home/rosdev/ros2_ws/install/my_robot/share/my_robot/urdf/robot_core_1.xacro
[0.254s] -- Up-to-date: /home/rosdev/ros2_ws/install/my_robot/share/my_robot/worlds
[0.257s] -- Up-to-date: /home/rosdev/ros2_ws/install/my_robot/share/my_robot/worlds/empty.world
[0.259s] -- Up-to-date: /home/rosdev/ros2_ws/install/my_robot/share/ament_index/resource_index/package_run_dependencies/my_robot
[0.260s] -- Up-to-date: /home/rosdev/ros2_ws/install/my_robot/share/ament_index/resource_index/parent_prefix_path/my_robot
[0.261s] -- Up-to-date: /home/rosdev/ros2_ws/install/my_robot/share/my_robot/environment/ament_prefix_path.sh
[0.262s] -- Up-to-date: /home/rosdev/ros2_ws/install/my_robot/share/my_robot/environment/ament_prefix_path.dsv
[0.263s] -- Up-to-date: /home/rosdev/ros2_ws/install/my_robot/share/my_robot/environment/path.sh
[0.264s] -- Up-to-date: /home/rosdev/ros2_ws/install/my_robot/share/my_robot/environment/path.dsv
[0.265s] -- Up-to-date: /home/rosdev/ros2_ws/install/my_robot/share/my_robot/local_setup.bash
[0.266s] -- Up-to-date: /home/rosdev/ros2_ws/install/my_robot/share/my_robot/local_setup.sh
[0.266s] -- Up-to-date: /home/rosdev/ros2_ws/install/my_robot/share/my_robot/local_setup.zsh
[0.267s] -- Up-to-date: /home/rosdev/ros2_ws/install/my_robot/share/my_robot/local_setup.dsv
[0.267s] -- Installing: /home/rosdev/ros2_ws/install/my_robot/share/my_robot/package.dsv
[0.267s] -- Up-to-date: /home/rosdev/ros2_ws/install/my_robot/share/ament_index/resource_index/packages/my_robot
[0.268s] -- Up-to-date: /home/rosdev/ros2_ws/install/my_robot/share/my_robot/cmake/my_robotConfig.cmake
[0.268s] -- Up-to-date: /home/rosdev/ros2_ws/install/my_robot/share/my_robot/cmake/my_robotConfig-version.cmake
[0.268s] -- Up-to-date: /home/rosdev/ros2_ws/install/my_robot/share/my_robot/package.xml
[0.268s] Invoked command in '/home/rosdev/ros2_ws/build/my_robot' returned '0': CMAKE_PREFIX_PATH=${CMAKE_PREFIX_PATH}:/opt/ros/humble /usr/bin/cmake --install /home/rosdev/ros2_ws/build/my_robot
