[0.081s] Invoking command in '/home/rosdev/ros2_ws/build/my_robot': CMAKE_PREFIX_PATH=${CMAKE_PREFIX_PATH}:/opt/ros/humble /usr/bin/cmake --build /home/rosdev/ros2_ws/build/my_robot -- -j8 -l8
[0.273s] Invoked command in '/home/rosdev/ros2_ws/build/my_robot' returned '0': CMAKE_PREFIX_PATH=${CMAKE_PREFIX_PATH}:/opt/ros/humble /usr/bin/cmake --build /home/rosdev/ros2_ws/build/my_robot -- -j8 -l8
[0.308s] Invoking command in '/home/rosdev/ros2_ws/build/my_robot': CMAKE_PREFIX_PATH=${CMAKE_PREFIX_PATH}:/opt/ros/humble /usr/bin/cmake --install /home/rosdev/ros2_ws/build/my_robot
[0.336s] -- Install configuration: ""
[0.338s] -- Execute custom install script
[0.340s] -- Up-to-date symlink: /home/rosdev/ros2_ws/install/my_robot/share/my_robot/launch/gazebo_launch.py
[0.341s] -- Up-to-date symlink: /home/rosdev/ros2_ws/install/my_robot/share/my_robot/launch/gazebo_launch_1.py
[0.341s] -- Up-to-date symlink: /home/rosdev/ros2_ws/install/my_robot/share/my_robot/launch/launch_sim.launch.py
[0.342s] -- Up-to-date symlink: /home/rosdev/ros2_ws/install/my_robot/share/my_robot/launch/launch_sim.launch_1.py
[0.342s] -- Up-to-date symlink: /home/rosdev/ros2_ws/install/my_robot/share/my_robot/launch/my_robot.launch.py
[0.345s] -- Up-to-date symlink: /home/rosdev/ros2_ws/install/my_robot/share/my_robot/rviz/car.rviz
[0.345s] -- Up-to-date symlink: /home/rosdev/ros2_ws/install/my_robot/share/my_robot/rviz/urdf.rviz
[0.346s] -- Up-to-date symlink: /home/rosdev/ros2_ws/install/my_robot/share/my_robot/urdf/car.urdf
[0.347s] -- Up-to-date symlink: /home/rosdev/ros2_ws/install/my_robot/share/my_robot/urdf/gazebo_control.xacro
[0.348s] -- Up-to-date symlink: /home/rosdev/ros2_ws/install/my_robot/share/my_robot/urdf/gazebo_control_1.xacro
[0.349s] -- Up-to-date symlink: /home/rosdev/ros2_ws/install/my_robot/share/my_robot/urdf/inertial_macros.xacro
[0.349s] -- Up-to-date symlink: /home/rosdev/ros2_ws/install/my_robot/share/my_robot/urdf/inertial_macros_1.xacro
[0.350s] -- Symlinking: /home/rosdev/ros2_ws/install/my_robot/share/my_robot/urdf/lidar.xacro
[0.381s] -- Up-to-date symlink: /home/rosdev/ros2_ws/install/my_robot/share/my_robot/urdf/my_robot.urdf.xacro
[0.382s] -- Up-to-date symlink: /home/rosdev/ros2_ws/install/my_robot/share/my_robot/urdf/my_robot_1.urdf.xacro
[0.383s] -- Up-to-date symlink: /home/rosdev/ros2_ws/install/my_robot/share/my_robot/urdf/my_robot_2.urdf
[0.384s] -- Up-to-date symlink: /home/rosdev/ros2_ws/install/my_robot/share/my_robot/urdf/robot_core.xacro
[0.385s] -- Up-to-date symlink: /home/rosdev/ros2_ws/install/my_robot/share/my_robot/urdf/robot_core_1.xacro
[0.387s] -- Up-to-date symlink: /home/rosdev/ros2_ws/install/my_robot/share/my_robot/worlds/empty.world
[0.388s] -- Up-to-date symlink: /home/rosdev/ros2_ws/install/my_robot/share/my_robot/worlds/obstacies.world
[0.389s] -- Up-to-date symlink: /home/rosdev/ros2_ws/install/my_robot/share/ament_index/resource_index/package_run_dependencies/my_robot
[0.391s] -- Up-to-date symlink: /home/rosdev/ros2_ws/install/my_robot/share/ament_index/resource_index/parent_prefix_path/my_robot
[0.394s] -- Up-to-date symlink: /home/rosdev/ros2_ws/install/my_robot/share/my_robot/environment/ament_prefix_path.sh
[0.395s] -- Up-to-date symlink: /home/rosdev/ros2_ws/install/my_robot/share/my_robot/environment/ament_prefix_path.dsv
[0.396s] -- Up-to-date symlink: /home/rosdev/ros2_ws/install/my_robot/share/my_robot/environment/path.sh
[0.396s] -- Up-to-date symlink: /home/rosdev/ros2_ws/install/my_robot/share/my_robot/environment/path.dsv
[0.398s] -- Up-to-date symlink: /home/rosdev/ros2_ws/install/my_robot/share/my_robot/local_setup.bash
[0.400s] -- Up-to-date symlink: /home/rosdev/ros2_ws/install/my_robot/share/my_robot/local_setup.sh
[0.401s] -- Up-to-date symlink: /home/rosdev/ros2_ws/install/my_robot/share/my_robot/local_setup.zsh
[0.401s] -- Up-to-date symlink: /home/rosdev/ros2_ws/install/my_robot/share/my_robot/local_setup.dsv
[0.402s] -- Symlinking: /home/rosdev/ros2_ws/install/my_robot/share/my_robot/package.dsv
[0.446s] -- Up-to-date symlink: /home/rosdev/ros2_ws/install/my_robot/share/ament_index/resource_index/packages/my_robot
[0.447s] -- Up-to-date symlink: /home/rosdev/ros2_ws/install/my_robot/share/my_robot/cmake/my_robotConfig.cmake
[0.448s] -- Up-to-date symlink: /home/rosdev/ros2_ws/install/my_robot/share/my_robot/cmake/my_robotConfig-version.cmake
[0.449s] -- Up-to-date symlink: /home/rosdev/ros2_ws/install/my_robot/share/my_robot/package.xml
[0.459s] Invoked command in '/home/rosdev/ros2_ws/build/my_robot' returned '0': CMAKE_PREFIX_PATH=${CMAKE_PREFIX_PATH}:/opt/ros/humble /usr/bin/cmake --install /home/rosdev/ros2_ws/build/my_robot
