-- Install configuration: ""
-- Up-to-date: /home/rosdev/ros2_ws/install/my_robot/share/my_robot/launch
-- Up-to-date: /home/rosdev/ros2_ws/install/my_robot/share/my_robot/launch/my_robot.launch.py
-- Up-to-date: /home/rosdev/ros2_ws/install/my_robot/share/my_robot/launch/gazebo_launch.py
-- Up-to-date: /home/rosdev/ros2_ws/install/my_robot/share/my_robot/config
-- Up-to-date: /home/rosdev/ros2_ws/install/my_robot/share/my_robot/maps
-- Up-to-date: /home/rosdev/ros2_ws/install/my_robot/share/my_robot/meshes
-- Up-to-date: /home/rosdev/ros2_ws/install/my_robot/share/my_robot/models
-- Up-to-date: /home/rosdev/ros2_ws/install/my_robot/share/my_robot/params
-- Up-to-date: /home/rosdev/ros2_ws/install/my_robot/share/my_robot/rviz
-- Up-to-date: /home/rosdev/ros2_ws/install/my_robot/share/my_robot/rviz/urdf.rviz
-- Up-to-date: /home/rosdev/ros2_ws/install/my_robot/share/my_robot/rviz/car.rviz
-- Up-to-date: /home/rosdev/ros2_ws/install/my_robot/share/my_robot/src
-- Up-to-date: /home/rosdev/ros2_ws/install/my_robot/share/my_robot/urdf
-- Up-to-date: /home/rosdev/ros2_ws/install/my_robot/share/my_robot/urdf/car.urdf
-- Up-to-date: /home/rosdev/ros2_ws/install/my_robot/share/my_robot/urdf/my_robot.urdf.xacro
-- Installing: /home/rosdev/ros2_ws/install/my_robot/share/my_robot/urdf/robot_core.xacro
-- Up-to-date: /home/rosdev/ros2_ws/install/my_robot/share/my_robot/urdf/robot_core_1.xacro
-- Up-to-date: /home/rosdev/ros2_ws/install/my_robot/share/my_robot/worlds
-- Up-to-date: /home/rosdev/ros2_ws/install/my_robot/share/my_robot/worlds/empty.world
-- Up-to-date: /home/rosdev/ros2_ws/install/my_robot/share/ament_index/resource_index/package_run_dependencies/my_robot
-- Up-to-date: /home/rosdev/ros2_ws/install/my_robot/share/ament_index/resource_index/parent_prefix_path/my_robot
-- Up-to-date: /home/rosdev/ros2_ws/install/my_robot/share/my_robot/environment/ament_prefix_path.sh
-- Up-to-date: /home/rosdev/ros2_ws/install/my_robot/share/my_robot/environment/ament_prefix_path.dsv
-- Up-to-date: /home/rosdev/ros2_ws/install/my_robot/share/my_robot/environment/path.sh
-- Up-to-date: /home/rosdev/ros2_ws/install/my_robot/share/my_robot/environment/path.dsv
-- Up-to-date: /home/rosdev/ros2_ws/install/my_robot/share/my_robot/local_setup.bash
-- Up-to-date: /home/rosdev/ros2_ws/install/my_robot/share/my_robot/local_setup.sh
-- Up-to-date: /home/rosdev/ros2_ws/install/my_robot/share/my_robot/local_setup.zsh
-- Up-to-date: /home/rosdev/ros2_ws/install/my_robot/share/my_robot/local_setup.dsv
-- Up-to-date: /home/rosdev/ros2_ws/install/my_robot/share/my_robot/package.dsv
-- Up-to-date: /home/rosdev/ros2_ws/install/my_robot/share/ament_index/resource_index/packages/my_robot
-- Up-to-date: /home/rosdev/ros2_ws/install/my_robot/share/my_robot/cmake/my_robotConfig.cmake
-- Up-to-date: /home/rosdev/ros2_ws/install/my_robot/share/my_robot/cmake/my_robotConfig-version.cmake
-- Up-to-date: /home/rosdev/ros2_ws/install/my_robot/share/my_robot/package.xml
