[0.060s] Invoking command in '/home/rosdev/ros2_ws/build/my_robot': CMAKE_PREFIX_PATH=${CMAKE_PREFIX_PATH}:/opt/ros/humble /usr/bin/cmake --build /home/rosdev/ros2_ws/build/my_robot -- -j8 -l8
[0.200s] Invoked command in '/home/rosdev/ros2_ws/build/my_robot' returned '0': CMAKE_PREFIX_PATH=${CMAKE_PREFIX_PATH}:/opt/ros/humble /usr/bin/cmake --build /home/rosdev/ros2_ws/build/my_robot -- -j8 -l8
[0.244s] Invoking command in '/home/rosdev/ros2_ws/build/my_robot': CMAKE_PREFIX_PATH=${CMAKE_PREFIX_PATH}:/opt/ros/humble /usr/bin/cmake --install /home/rosdev/ros2_ws/build/my_robot
[0.280s] -- Install configuration: ""
[0.281s] -- Up-to-date: /home/rosdev/ros2_ws/install/my_robot/share/my_robot/launch
[0.281s] -- Up-to-date: /home/rosdev/ros2_ws/install/my_robot/share/my_robot/launch/my_robot.launch.py
[0.282s] -- Up-to-date: /home/rosdev/ros2_ws/install/my_robot/share/my_robot/launch/gazebo_launch.py
[0.283s] -- Up-to-date: /home/rosdev/ros2_ws/install/my_robot/share/my_robot/config
[0.283s] -- Up-to-date: /home/rosdev/ros2_ws/install/my_robot/share/my_robot/maps
[0.288s] -- Up-to-date: /home/rosdev/ros2_ws/install/my_robot/share/my_robot/meshes
[0.289s] -- Up-to-date: /home/rosdev/ros2_ws/install/my_robot/share/my_robot/models
[0.289s] -- Up-to-date: /home/rosdev/ros2_ws/install/my_robot/share/my_robot/params
[0.290s] -- Up-to-date: /home/rosdev/ros2_ws/install/my_robot/share/my_robot/rviz
[0.290s] -- Up-to-date: /home/rosdev/ros2_ws/install/my_robot/share/my_robot/rviz/urdf.rviz
[0.290s] -- Up-to-date: /home/rosdev/ros2_ws/install/my_robot/share/my_robot/rviz/car.rviz
[0.290s] -- Up-to-date: /home/rosdev/ros2_ws/install/my_robot/share/my_robot/src
[0.290s] -- Up-to-date: /home/rosdev/ros2_ws/install/my_robot/share/my_robot/urdf
[0.291s] -- Up-to-date: /home/rosdev/ros2_ws/install/my_robot/share/my_robot/urdf/car.urdf
[0.291s] -- Up-to-date: /home/rosdev/ros2_ws/install/my_robot/share/my_robot/urdf/my_robot.urdf.xacro
[0.291s] -- Installing: /home/rosdev/ros2_ws/install/my_robot/share/my_robot/urdf/robot_core.xacro
[0.291s] -- Up-to-date: /home/rosdev/ros2_ws/install/my_robot/share/my_robot/urdf/robot_core_1.xacro
[0.291s] -- Up-to-date: /home/rosdev/ros2_ws/install/my_robot/share/my_robot/worlds
[0.292s] -- Up-to-date: /home/rosdev/ros2_ws/install/my_robot/share/my_robot/worlds/empty.world
[0.292s] -- Up-to-date: /home/rosdev/ros2_ws/install/my_robot/share/ament_index/resource_index/package_run_dependencies/my_robot
[0.292s] -- Up-to-date: /home/rosdev/ros2_ws/install/my_robot/share/ament_index/resource_index/parent_prefix_path/my_robot
[0.292s] -- Up-to-date: /home/rosdev/ros2_ws/install/my_robot/share/my_robot/environment/ament_prefix_path.sh
[0.293s] -- Up-to-date: /home/rosdev/ros2_ws/install/my_robot/share/my_robot/environment/ament_prefix_path.dsv
[0.293s] -- Up-to-date: /home/rosdev/ros2_ws/install/my_robot/share/my_robot/environment/path.sh
[0.293s] -- Up-to-date: /home/rosdev/ros2_ws/install/my_robot/share/my_robot/environment/path.dsv
[0.294s] -- Up-to-date: /home/rosdev/ros2_ws/install/my_robot/share/my_robot/local_setup.bash
[0.294s] -- Up-to-date: /home/rosdev/ros2_ws/install/my_robot/share/my_robot/local_setup.sh
[0.294s] -- Up-to-date: /home/rosdev/ros2_ws/install/my_robot/share/my_robot/local_setup.zsh
[0.295s] -- Up-to-date: /home/rosdev/ros2_ws/install/my_robot/share/my_robot/local_setup.dsv
[0.295s] -- Up-to-date: /home/rosdev/ros2_ws/install/my_robot/share/my_robot/package.dsv
[0.295s] -- Up-to-date: /home/rosdev/ros2_ws/install/my_robot/share/ament_index/resource_index/packages/my_robot
[0.296s] -- Up-to-date: /home/rosdev/ros2_ws/install/my_robot/share/my_robot/cmake/my_robotConfig.cmake
[0.296s] -- Up-to-date: /home/rosdev/ros2_ws/install/my_robot/share/my_robot/cmake/my_robotConfig-version.cmake
[0.296s] -- Up-to-date: /home/rosdev/ros2_ws/install/my_robot/share/my_robot/package.xml
[0.300s] Invoked command in '/home/rosdev/ros2_ws/build/my_robot' returned '0': CMAKE_PREFIX_PATH=${CMAKE_PREFIX_PATH}:/opt/ros/humble /usr/bin/cmake --install /home/rosdev/ros2_ws/build/my_robot
